sample.interval=20000
"ls" "FUN" "lapply" ".rs.objectsOnSearchPath" ".rs.getCompletionsSearchPath" "Reduce" "<Anonymous>" 
"ls" "FUN" "lapply" ".rs.objectsOnSearchPath" ".rs.getCompletionsSearchPath" "Reduce" "<Anonymous>" 
"tryCatchOne" "tryCatchList" "tryCatch" ".rs.getHelpFromObject" ".rs.getHelpFunction" "<Anonymous>" 
"psub" "addParaBreaks" "writeLines" "writeLinesUTF8" "of1" "writeBlock" "writeContent" "writeContent" "writeSection" "Rd2HTML" "tools:::httpd" "withCallingHandlers" "suppressWarnings" ".rs.getHelp" ".rs.getHelpFromObject" ".rs.getHelpFunction" "<Anonymous>" 
"psub" "addParaBreaks" "writeLines" "writeLinesUTF8" "of1" "writeBlock" "writeContent" "writeContent" "writeSection" "Rd2HTML" "tools:::httpd" "withCallingHandlers" "suppressWarnings" ".rs.getHelp" ".rs.getHelpFromObject" ".rs.getHelpFunction" "<Anonymous>" 
"grepl" "urlify" "paste0" "writeLink" "writeBlock" "writeContent" "writeWrapped" "writeBlock" "writeContent" "writeContent" "writeSection" "Rd2HTML" "tools:::httpd" "withCallingHandlers" "suppressWarnings" ".rs.getHelp" ".rs.getHelpFromObject" ".rs.getHelpFunction" "<Anonymous>" 
"writeLinesUTF8" "of1" "writeBlock" "writeContent" "writeContent" "writeSection" "Rd2HTML" "tools:::httpd" "withCallingHandlers" "suppressWarnings" ".rs.getHelp" ".rs.getHelpFromObject" ".rs.getHelpFunction" "<Anonymous>" 
"psub" "addParaBreaks" "writeLines" "writeLinesUTF8" "of1" "writeBlock" "writeContent" "writeSection" "Rd2HTML" "tools:::httpd" "withCallingHandlers" "suppressWarnings" ".rs.getHelp" ".rs.getHelpFromObject" ".rs.getHelpFunction" "<Anonymous>" 
"psub" "htmlify" "isBlankLineRd" "addParaBreaks" "writeLines" "writeLinesUTF8" "of1" "writeBlock" "writeContent" "writeHref" "writeLink" "writeBlock" "writeContent" "writeWrapped" "writeBlock" "writeContent" "writeSection" "Rd2HTML" "tools:::httpd" "withCallingHandlers" "suppressWarnings" ".rs.getHelp" ".rs.getHelpFromObject" ".rs.getHelpFunction" "<Anonymous>" 
"psub" "htmlify" "isBlankLineRd" "addParaBreaks" "writeLines" "writeLinesUTF8" "of1" "writeBlock" "writeContent" "writeHref" "writeLink" "writeBlock" "writeContent" "writeWrapped" "writeBlock" "writeContent" "writeSection" "Rd2HTML" "tools:::httpd" "withCallingHandlers" "suppressWarnings" ".rs.getHelp" ".rs.getHelpFromObject" ".rs.getHelpFunction" "<Anonymous>" 
"objects" ".rs.getHelpFromObject" ".rs.getHelpFunction" "<Anonymous>" 
"file.info" "file_test" ".read_description" "Rd2HTML" "tools:::httpd" "withCallingHandlers" "suppressWarnings" ".rs.getHelp" ".rs.getHelpFromObject" ".rs.getHelpFunction" "<Anonymous>" 
"unique" "simplify2array" "sapply" "RdTags" "writeContent" "writeContent" "writeSection" "Rd2HTML" "tools:::httpd" "withCallingHandlers" "suppressWarnings" ".rs.getHelp" ".rs.getHelpFromObject" ".rs.getHelpFunction" "<Anonymous>" 
"psub" "htmlify" "isBlankLineRd" "addParaBreaks" "writeLines" "writeLinesUTF8" "of1" "writeBlock" "writeContent" "writeContent" "writeSection" "Rd2HTML" "tools:::httpd" "withCallingHandlers" "suppressWarnings" ".rs.getHelp" ".rs.getHelpFromObject" ".rs.getHelpFunction" "<Anonymous>" 
"htmlify" "isBlankLineRd" "addParaBreaks" "writeLines" "writeLinesUTF8" "of1" "writeBlock" "writeContent" "writeSection" "Rd2HTML" "tools:::httpd" "withCallingHandlers" "suppressWarnings" ".rs.getHelp" ".rs.getHelpFromObject" ".rs.getHelpFunction" "<Anonymous>" 
"ls" "FUN" "lapply" ".rs.objectsOnSearchPath" ".rs.getCompletionsSearchPath" "Reduce" "<Anonymous>" 
"ls" "FUN" "lapply" ".rs.objectsOnSearchPath" ".rs.getCompletionsSearchPath" "Reduce" "<Anonymous>" 
"doTryCatch" "tryCatchOne" "tryCatchList" "tryCatch" "FUN" "vapply" ".rs.getCompletionsSearchPath" "Reduce" "<Anonymous>" 
".Call" ".rs.scoreMatches" ".rs.sortCompletions" "<Anonymous>" 
"ls" "FUN" "lapply" ".rs.objectsOnSearchPath" ".rs.getCompletionsSearchPath" "Reduce" "<Anonymous>" 
"scan" "read.table" "read.csv" 
"scan" "read.table" "read.csv" 
"scan" "read.table" "read.csv" 
"scan" "read.table" "read.csv" 
".External2" "type.convert.default" "type.convert" "read.table" "read.csv" 
".External2" "type.convert.default" "type.convert" "read.table" "read.csv" 
".External2" "type.convert.default" "type.convert" "read.table" "read.csv" 
".External2" "type.convert.default" "type.convert" "read.table" "read.csv" 
"close.connection" "close" "read.table" "read.csv" 
"ls" "FUN" "lapply" ".rs.objectsOnSearchPath" ".rs.getCompletionsSearchPath" "Reduce" "<Anonymous>" 
"format.default" "format" "format.factor" "format" "format.data.frame" "as.matrix" "print.data.frame" "<Anonymous>" 
"doTryCatch" "tryCatchOne" "tryCatchList" "tryCatch" "base::try" "print.default" "print" "print.data.frame" "<Anonymous>" 
"print.default" "print" "print.data.frame" "<Anonymous>" 
"tryCatch" "base::try" "print.default" "print" "print.data.frame" "<Anonymous>" 
"::" "print.default" "print" "print.data.frame" "<Anonymous>" 
"ls" "FUN" "lapply" ".rs.objectsOnSearchPath" ".rs.getCompletionsSearchPath" "Reduce" "<Anonymous>" 
"ls" "FUN" "lapply" ".rs.objectsOnSearchPath" ".rs.getCompletionsSearchPath" "Reduce" "<Anonymous>" 
"print.default" "print" "print.data.frame" "<Anonymous>" 
"ls" "FUN" "lapply" ".rs.objectsOnSearchPath" ".rs.getCompletionsSearchPath" "Reduce" "<Anonymous>" 
"duplicated" "which" "as.vector" "intersect" ".rs.appendCompletions" ".rs.getCompletionsFunction" ".rs.appendCompletions" ".rs.getRCompletions" ".rs.appendCompletions" "<Anonymous>" 
"doTryCatch" "tryCatchOne" "tryCatchList" "tryCatch" ".rs.getHelpFromObject" ".rs.getHelpArgument" "<Anonymous>" 
"psub" "addParaBreaks" "writeLines" "writeLinesUTF8" "of1" "writeBlock" "writeContent" "writeContent" "writeSection" "Rd2HTML" "tools:::httpd" "withCallingHandlers" "suppressWarnings" ".rs.getHelp" ".rs.getHelpFromObject" ".rs.getHelpArgument" "<Anonymous>" 
"psub" "htmlify" "isBlankLineRd" "addParaBreaks" "writeLines" "writeLinesUTF8" "of1" "writeBlock" "writeContent" "writeContent" "writeSection" "Rd2HTML" "tools:::httpd" "withCallingHandlers" "suppressWarnings" ".rs.getHelp" ".rs.getHelpFromObject" ".rs.getHelpArgument" "<Anonymous>" 
"unique" "simplify2array" "sapply" "RdTags" "writeContent" "writeWrapped" "writeBlock" "writeContent" "writeContent" "writeSection" "Rd2HTML" "tools:::httpd" "withCallingHandlers" "suppressWarnings" ".rs.getHelp" ".rs.getHelpFromObject" ".rs.getHelpArgument" "<Anonymous>" 
"grep" "isBlankLineRd" "addParaBreaks" "writeLines" "writeLinesUTF8" "of1" "writeBlock" "writeContent" "writeContent" "writeSection" "Rd2HTML" "tools:::httpd" "withCallingHandlers" "suppressWarnings" ".rs.getHelp" ".rs.getHelpFromObject" ".rs.getHelpArgument" "<Anonymous>" 
"grep" "isBlankLineRd" "addParaBreaks" "writeLines" "writeLinesUTF8" "of1" "writeBlock" "writeContent" "writeSection" "Rd2HTML" "tools:::httpd" "withCallingHandlers" "suppressWarnings" ".rs.getHelp" ".rs.getHelpFromObject" ".rs.getHelpArgument" "<Anonymous>" 
"fsub" "htmlify" "isBlankLineRd" "addParaBreaks" "writeLines" "writeLinesUTF8" "of1" "writeBlock" "writeContent" "writeWrapped" "writeBlock" "writeContent" "writeSection" "Rd2HTML" "tools:::httpd" "withCallingHandlers" "suppressWarnings" ".rs.getHelp" ".rs.getHelpFromObject" ".rs.getHelpArgument" "<Anonymous>" 
"scan" "read.table" "read.csv" 
"scan" "read.table" "read.csv" 
"scan" "read.table" "read.csv" 
"is.matrix" "<Anonymous>" "[[.data.frame" "[[" "[.data.frame" "[" "head.data.frame" "head" 
"print.default" "print" "print.data.frame" "<Anonymous>" 
"ls" "FUN" "lapply" ".rs.objectsOnSearchPath" ".rs.getCompletionsSearchPath" "Reduce" "<Anonymous>" 
"ls" "FUN" "lapply" ".rs.objectsOnSearchPath" ".rs.getCompletionsSearchPath" "Reduce" "<Anonymous>" 
"ls" "FUN" "lapply" ".rs.objectsOnSearchPath" ".rs.getCompletionsSearchPath" "Reduce" "<Anonymous>" 
"substring" ".rs.startsWith" ".rs.fuzzyMatches" ".rs.getCompletionsSearchPath" "Reduce" "<Anonymous>" 
"ls" "FUN" "lapply" ".rs.objectsOnSearchPath" ".rs.getCompletionsSearchPath" "Reduce" "<Anonymous>" 
".rs.getCompletionType" "doTryCatch" "tryCatchOne" "tryCatchList" "tryCatch" "FUN" "vapply" ".rs.getCompletionsSearchPath" "Reduce" "<Anonymous>" 
"tryCatchList" "tryCatch" ".rs.getHelpFromObject" ".rs.getHelpFunction" "<Anonymous>" 
"readRDS" "tools:::httpd" "withCallingHandlers" "suppressWarnings" ".rs.getHelp" ".rs.getHelpFromObject" ".rs.getHelpFunction" "<Anonymous>" 
"htmlify" "isBlankLineRd" "addParaBreaks" "writeLines" "writeLinesUTF8" "of1" "writeBlock" "writeContent" "writeSection" "Rd2HTML" "tools:::httpd" "withCallingHandlers" "suppressWarnings" ".rs.getHelp" ".rs.getHelpFromObject" ".rs.getHelpFunction" "<Anonymous>" 
"psub" "addParaBreaks" "writeLines" "writeLinesUTF8" "of1" "writeBlock" "writeContent" "writeSection" "Rd2HTML" "tools:::httpd" "withCallingHandlers" "suppressWarnings" ".rs.getHelp" ".rs.getHelpFromObject" ".rs.getHelpFunction" "<Anonymous>" 
"ls" "FUN" "lapply" ".rs.objectsOnSearchPath" ".rs.getCompletionsSearchPath" "Reduce" "<Anonymous>" 
"close.connection" "close" "save" "<Anonymous>" 
"ls" "FUN" "lapply" ".rs.objectsOnSearchPath" ".rs.getCompletionsSearchPath" "Reduce" "<Anonymous>" 
"ls" "FUN" "lapply" ".rs.objectsOnSearchPath" ".rs.getCompletionsSearchPath" "Reduce" "<Anonymous>" 
"ls" "FUN" "lapply" ".rs.objectsOnSearchPath" ".rs.getCompletionsSearchPath" "Reduce" "<Anonymous>" 
"which" "get" "inherits" ".rs.getCompletionType" "doTryCatch" "tryCatchOne" "tryCatchList" "tryCatch" "FUN" "vapply" ".rs.getCompletionsSearchPath" "Reduce" "<Anonymous>" 
"%in%" ".rs.getHelpFromObject" ".rs.getHelpFunction" "<Anonymous>" 
"paste0" "writeLines" "writeLinesUTF8" "of0" "writeWrapped" "writeBlock" "writeContent" "writeSection" "Rd2HTML" "tools:::httpd" "withCallingHandlers" "suppressWarnings" ".rs.getHelp" ".rs.getHelpFromObject" ".rs.getHelpFunction" "<Anonymous>" 
"ls" "FUN" "lapply" ".rs.objectsOnSearchPath" ".rs.getCompletionsSearchPath" "Reduce" "<Anonymous>" 
"ls" "FUN" "lapply" ".rs.objectsOnSearchPath" ".rs.getCompletionsSearchPath" "Reduce" "<Anonymous>" 
"ls" "FUN" "lapply" ".rs.objectsOnSearchPath" ".rs.getCompletionsSearchPath" "Reduce" "<Anonymous>" 
"ls" "FUN" "lapply" ".rs.objectsOnSearchPath" ".rs.getCompletionsSearchPath" "Reduce" "<Anonymous>" 
"parse" "doTryCatch" "tryCatchOne" "tryCatchList" "tryCatch" "withCallingHandlers" "quietly" ".rs.getAnywhere" ".rs.resolveObjectFromFunctionCall" ".rs.getCompletionsFunction" ".rs.appendCompletions" ".rs.getRCompletions" ".rs.appendCompletions" "<Anonymous>" 
"ls" "FUN" "lapply" ".rs.objectsOnSearchPath" ".rs.getCompletionsSearchPath" "Reduce" "<Anonymous>" 
"ls" "FUN" "lapply" ".rs.objectsOnSearchPath" ".rs.getCompletionsSearchPath" "Reduce" "<Anonymous>" 
"ls" "FUN" "lapply" ".rs.objectsOnSearchPath" ".rs.getCompletionsSearchPath" "Reduce" "<Anonymous>" 
"ls" "FUN" "lapply" ".rs.objectsOnSearchPath" ".rs.getCompletionsSearchPath" "Reduce" "<Anonymous>" 
"ls" "FUN" "lapply" ".rs.objectsOnSearchPath" ".rs.getCompletionsSearchPath" "Reduce" "<Anonymous>" 
"parse" "doTryCatch" "tryCatchOne" "tryCatchList" "tryCatch" "withCallingHandlers" "quietly" ".rs.getAnywhere" "<Anonymous>" 
"gsub" ".rs.fuzzyMatches" ".rs.getCompletionsSearchPath" "Reduce" "<Anonymous>" 
"ls" "FUN" "lapply" ".rs.objectsOnSearchPath" ".rs.getCompletionsSearchPath" "Reduce" "<Anonymous>" 
"file" "read.table" "read.csv" 
"file" "read.table" "read.csv" 
"scan" "read.table" "read.csv" 
"scan" "read.table" "read.csv" 
"scan" "read.table" "read.csv" 
".External2" "type.convert.default" "type.convert" "read.table" "read.csv" 
".External2" "type.convert.default" "type.convert" "read.table" "read.csv" 
".External2" "type.convert.default" "type.convert" "read.table" "read.csv" 
".External2" "type.convert.default" "type.convert" "read.table" "read.csv" 
".External2" "type.convert.default" "type.convert" "read.table" "read.csv" 
"ls" "FUN" "lapply" ".rs.objectsOnSearchPath" ".rs.getCompletionsSearchPath" "Reduce" "<Anonymous>" 
"basename" ".rs.getCompletionsPackages" "Reduce" "<Anonymous>" 
"ls" "FUN" "lapply" ".rs.objectsOnSearchPath" ".rs.getCompletionsSearchPath" "Reduce" "<Anonymous>" 
"ls" "FUN" "lapply" ".rs.objectsOnSearchPath" ".rs.getCompletionsSearchPath" "Reduce" "<Anonymous>" 
"ls" "FUN" "lapply" ".rs.objectsOnSearchPath" ".rs.getCompletionsSearchPath" "Reduce" "<Anonymous>" 
"ls" "FUN" "lapply" ".rs.objectsOnSearchPath" ".rs.getCompletionsSearchPath" "Reduce" "<Anonymous>" 
"parse" "doTryCatch" "tryCatchOne" "tryCatchList" "tryCatch" "withCallingHandlers" "quietly" ".rs.getAnywhere" ".rs.resolveObjectFromFunctionCall" ".rs.getCompletionsFunction" ".rs.appendCompletions" ".rs.getRCompletions" ".rs.appendCompletions" "<Anonymous>" 
"tolower" "nchar" ".rs.startsWith" ".rs.fuzzyMatches" ".rs.getCompletionsSearchPath" "Reduce" "<Anonymous>" 
"gsub" ".rs.fuzzyMatches" ".rs.getCompletionsSearchPath" "Reduce" "<Anonymous>" 
".rs.resolveAliasedSymbol" ".rs.getAnywhere" ".rs.resolveObjectFromFunctionCall" ".rs.getCompletionsArgument" ".rs.getCompletionsFunction" ".rs.appendCompletions" ".rs.getRCompletions" ".rs.appendCompletions" "<Anonymous>" 
"sub" ".rs.doStripSurrounding" ".rs.stripSurrounding" "parse" "doTryCatch" "tryCatchOne" "tryCatchList" "tryCatch" "withCallingHandlers" "quietly" ".rs.getAnywhere" "<Anonymous>" 
"ls" "FUN" "lapply" ".rs.objectsOnSearchPath" ".rs.getCompletionsSearchPath" "Reduce" "<Anonymous>" 
"ls" "FUN" "lapply" ".rs.objectsOnSearchPath" ".rs.getCompletionsSearchPath" "Reduce" "<Anonymous>" 
"ls" "FUN" "lapply" ".rs.objectsOnSearchPath" ".rs.getCompletionsSearchPath" "Reduce" "<Anonymous>" 
"ls" "FUN" "lapply" ".rs.objectsOnSearchPath" ".rs.getCompletionsSearchPath" "Reduce" "<Anonymous>" 
"ls" "FUN" "lapply" ".rs.objectsOnSearchPath" ".rs.getCompletionsSearchPath" "Reduce" "<Anonymous>" 
"ls" "FUN" "lapply" ".rs.objectsOnSearchPath" ".rs.getCompletionsSearchPath" "Reduce" "<Anonymous>" 
"as.function.default" "as.function" "body<-" "body<-" ".selectSuperClasses" "methods::selectSuperClasses" "doTryCatch" "tryCatchOne" "tryCatchList" "tryCatch" "FUN" "lapply" "unlist" ".rs.getDollarNamesMethod" ".rs.getCompletionsDollar" "<Anonymous>" 
"ls" "FUN" "lapply" ".rs.objectsOnSearchPath" ".rs.getCompletionsSearchPath" "Reduce" "<Anonymous>" 
"ls" "FUN" "lapply" ".rs.objectsOnSearchPath" ".rs.getCompletionsSearchPath" "Reduce" "<Anonymous>" 
"grepl" "srcfilecopy" "parse" "doTryCatch" "tryCatchOne" "tryCatchList" "tryCatch" "<Anonymous>" 
"gzfile" "readRDS" "FUN" "lapply" "find.package" "index.search" "help" "eval" "eval" "?" 
"gzfile" "readRDS" "FUN" "lapply" "find.package" "index.search" "help" "eval" "eval" "?" 
"gzfile" "readRDS" "FUN" "lapply" "find.package" "index.search" "help" "eval" "eval" "?" 
"gzfile" "readRDS" "FUN" "lapply" "find.package" "index.search" "help" "eval" "eval" "?" 
"gzfile" "readRDS" "FUN" "lapply" "find.package" "index.search" "help" "eval" "eval" "?" 
"gzfile" "readRDS" "FUN" "lapply" "find.package" "index.search" "help" "eval" "eval" "?" 
"gzfile" "readRDS" "FUN" "lapply" "find.package" "index.search" "help" "eval" "eval" "?" 
"gzfile" "readRDS" "index.search" "help" "eval" "eval" "?" 
"gzfile" "readRDS" "index.search" "help" "eval" "eval" "?" 
"gzfile" "readRDS" "index.search" "help" "eval" "eval" "?" 
"gzfile" "readRDS" "index.search" "help" "eval" "eval" "?" 
"gzfile" "readRDS" "index.search" "help" "eval" "eval" "?" 
"gzfile" "readRDS" "index.search" "help" "eval" "eval" "?" 
"unique.default" "unique" "setdiff" ".rs.getCompletionsPackages" "<Anonymous>" 
"ls" "FUN" "lapply" ".rs.objectsOnSearchPath" ".rs.getCompletionsSearchPath" "Reduce" "<Anonymous>" 
"print.default" "print" "print.data.frame" "<Anonymous>" 
"doTryCatch" "tryCatchOne" "tryCatchList" "tryCatch" "base::try" "print.default" "print" "print.data.frame" "<Anonymous>" 
"tryCatchList" "tryCatch" "base::try" "print.default" "print" "print.data.frame" "<Anonymous>" 
"ls" "FUN" "lapply" ".rs.objectsOnSearchPath" ".rs.getCompletionsSearchPath" "Reduce" "<Anonymous>" 
"parse" "doTryCatch" "tryCatchOne" "tryCatchList" "tryCatch" "<Anonymous>" 
"substring" ".rs.startsWith" ".rs.fuzzyMatches" ".rs.getCompletionsSearchPath" "Reduce" "<Anonymous>" 
"unlist" "Filter" "findLocalsList" "funEnv" "make.functionContext" "cmpfun" "doTryCatch" "tryCatchOne" "tryCatchList" "tryCatch" "compiler:::tryCmpfun" ".rs.getCompletionsSingleBracket" ".rs.appendCompletions" ".rs.getRCompletions" ".rs.appendCompletions" "<Anonymous>" 
"as.list" "simpleFormals" "is.simpleInternal" "inlineSimpleInternalCall" "h" "tryInline" "cmpCall" "cmp" "h" "tryInline" "cmpCall" "cmp" "h" "tryInline" "cmpCall" "cmp" "h" "tryInline" "cmpCall" "cmp" "h" "tryInline" "cmpCall" "cmp" "genCode" "cmpfun" "doTryCatch" "tryCatchOne" "tryCatchList" "tryCatch" "compiler:::tryCmpfun" ".rs.getCompletionsSingleBracket" ".rs.appendCompletions" ".rs.getRCompletions" ".rs.appendCompletions" "<Anonymous>" 
"ls" "FUN" "lapply" ".rs.objectsOnSearchPath" ".rs.getCompletionsSearchPath" "Reduce" "<Anonymous>" 
"parse" "doTryCatch" "tryCatchOne" "tryCatchList" "tryCatch" "withCallingHandlers" "quietly" ".rs.getAnywhere" "<Anonymous>" 
"sub" ".rs.doStripSurrounding" ".rs.stripSurrounding" ".rs.getAnywhere" ".rs.resolveObjectFromFunctionCall" ".rs.getCompletionsArgument" ".rs.getCompletionsFunction" ".rs.appendCompletions" ".rs.getRCompletions" ".rs.appendCompletions" "<Anonymous>" 
"gsub" ".rs.fuzzyMatches" ".rs.getCompletionsSearchPath" "Reduce" "<Anonymous>" 
"file.exists" "path.expand" "normalizePath" "unique" "data" "withCallingHandlers" "suppressWarnings" "doTryCatch" "tryCatchOne" "tryCatchList" "tryCatch" ".rs.getHelpFromObject" ".rs.getHelpFunction" "<Anonymous>" 
"do.call" "doTryCatch" "tryCatchOne" "tryCatchList" "tryCatch" ".rs.getHelpFromObject" ".rs.getHelpFunction" "<Anonymous>" 
"readRDS" "tools:::httpd" "withCallingHandlers" "suppressWarnings" ".rs.getHelp" ".rs.getHelpFromObject" ".rs.getHelpFunction" "<Anonymous>" 
"grepl" "blankLine" "Rd2txt" "tryCatchList" "tryCatch" ".Rd_get_text" ".Rd_get_title" "gsub" ".Rd_format_title" "strwrap" "Rd2HTML" "tools:::httpd" "withCallingHandlers" "suppressWarnings" ".rs.getHelp" ".rs.getHelpFromObject" ".rs.getHelpFunction" "<Anonymous>" 
"psub" "addParaBreaks" "writeLines" "writeLinesUTF8" "of1" "writeBlock" "writeContent" "writeSection" "Rd2HTML" "tools:::httpd" "withCallingHandlers" "suppressWarnings" ".rs.getHelp" ".rs.getHelpFromObject" ".rs.getHelpFunction" "<Anonymous>" 
"print.default" "print" "print.data.frame" "<Anonymous>" 
"isBaseNamespace" "getExportedValue" "::" "doTryCatch" "tryCatchOne" "tryCatchList" "tryCatch" "base::try" "print.default" "print" "print.data.frame" "<Anonymous>" 
"::" "print.default" "print" "print.data.frame" "<Anonymous>" 
"print.default" "print" "print.data.frame" "<Anonymous>" 
"print.default" "print" "print.data.frame" "<Anonymous>" 
"ls" "FUN" "lapply" ".rs.objectsOnSearchPath" ".rs.getCompletionsSearchPath" "Reduce" "<Anonymous>" 
"ls" "FUN" "lapply" ".rs.objectsOnSearchPath" ".rs.getCompletionsSearchPath" "Reduce" "<Anonymous>" 
"gsub" ".rs.fuzzyMatches" ".rs.getCompletionsSearchPath" "Reduce" "<Anonymous>" 
"gzfile" "readRDS" "FUN" "lapply" "find.package" "index.search" "help" "eval" "eval" "?" 
"file.exists" "index.search" "help" "eval" "eval" "?" 
".Call" "browser" "browseURL" "print.help_files_with_topic" "<Anonymous>" 
"gzfile" "readRDS" "lazyLoadDBexec" "tools:::fetchRdDB" "utils:::.getHelpFile" "prepare_Rd" "Rd2HTML" "<Anonymous>" "doTryCatch" "tryCatchOne" "tryCatchList" "tryCatch" "try" "withCallingHandlers" "<Anonymous>" 
"writeContent" "writeSection" "Rd2HTML" "<Anonymous>" "doTryCatch" "tryCatchOne" "tryCatchList" "tryCatch" "try" "withCallingHandlers" "<Anonymous>" 
"readRDS" "<Anonymous>" "doTryCatch" "tryCatchOne" "tryCatchList" "tryCatch" "try" "withCallingHandlers" "<Anonymous>" 
"grepl" "addParaBreaks" "writeLines" "writeLinesUTF8" "of1" "writeBlock" "writeContent" "writeSection" "Rd2HTML" "<Anonymous>" "doTryCatch" "tryCatchOne" "tryCatchList" "tryCatch" "try" "withCallingHandlers" "<Anonymous>" 
"ls" "FUN" "lapply" ".rs.objectsOnSearchPath" ".rs.getCompletionsSearchPath" "Reduce" "<Anonymous>" 
"tolower" "nchar" ".rs.startsWith" ".rs.fuzzyMatches" ".rs.getCompletionsSearchPath" "Reduce" "<Anonymous>" 
"objects" ".rs.getHelpFromObject" ".rs.getHelpFunction" "<Anonymous>" 
"get" "getExportedValue" "::" "do.call" "doTryCatch" "tryCatchOne" "tryCatchList" "tryCatch" ".rs.getHelpFromObject" ".rs.getHelpFunction" "<Anonymous>" 
"get" "getExportedValue" "::" "formals" "as.list" ".rs.getHelpFromObject" ".rs.getHelpFunction" "<Anonymous>" 
"read.dcf" "doTryCatch" "tryCatchOne" "tryCatchList" "tryCatch" ".read_description" "Rd2HTML" "tools:::httpd" "withCallingHandlers" "suppressWarnings" ".rs.getHelp" ".rs.getHelpFromObject" ".rs.getHelpFunction" "<Anonymous>" 
"psub" "addParaBreaks" "writeLines" "writeLinesUTF8" "of1" "writeBlock" "writeContent" "writeSection" "Rd2HTML" "tools:::httpd" "withCallingHandlers" "suppressWarnings" ".rs.getHelp" ".rs.getHelpFromObject" ".rs.getHelpFunction" "<Anonymous>" 
"close.connection" "close" "Rd2HTML" "tools:::httpd" "withCallingHandlers" "suppressWarnings" ".rs.getHelp" ".rs.getHelpFromObject" ".rs.getHelpFunction" "<Anonymous>" 
"ls" "FUN" "lapply" ".rs.objectsOnSearchPath" ".rs.getCompletionsSearchPath" "Reduce" "<Anonymous>" 
"ls" "FUN" "lapply" ".rs.objectsOnSearchPath" ".rs.getCompletionsSearchPath" "Reduce" "<Anonymous>" 
"ls" "FUN" "lapply" ".rs.objectsOnSearchPath" ".rs.getCompletionsSearchPath" "Reduce" "<Anonymous>" 
"nchar" ".rs.startsWith" ".rs.fuzzyMatches" ".rs.selectFuzzyMatches" ".rs.getCompletionsPackages" "Reduce" "<Anonymous>" 
"ls" "FUN" "lapply" ".rs.objectsOnSearchPath" ".rs.getCompletionsSearchPath" "Reduce" "<Anonymous>" 
"gsub" ".rs.getSignature" "sub" ".rs.getHelpFromObject" ".rs.getHelpFunction" "<Anonymous>" 
"gzfile" "readRDS" "tools:::httpd" "withCallingHandlers" "suppressWarnings" ".rs.getHelp" ".rs.getHelpFromObject" ".rs.getHelpFunction" "<Anonymous>" 
"htmlify" "isBlankLineRd" "addParaBreaks" "writeLines" "writeLinesUTF8" "of1" "writeBlock" "writeContent" "writeSection" "Rd2HTML" "tools:::httpd" "withCallingHandlers" "suppressWarnings" ".rs.getHelp" ".rs.getHelpFromObject" ".rs.getHelpFunction" "<Anonymous>" 
"strsplit" "unlist" "urlify" "paste0" "writeLink" "writeBlock" "writeContent" "writeWrapped" "writeBlock" "writeContent" "writeContent" "writeBlock" "writeContent" "writeContent" "writeSection" "Rd2HTML" "tools:::httpd" "withCallingHandlers" "suppressWarnings" ".rs.getHelp" ".rs.getHelpFromObject" ".rs.getHelpFunction" "<Anonymous>" 
"close.connection" "close" "Rd2HTML" "tools:::httpd" "withCallingHandlers" "suppressWarnings" ".rs.getHelp" ".rs.getHelpFromObject" ".rs.getHelpFunction" "<Anonymous>" 
"tolower" "nchar" ".rs.startsWith" ".rs.fuzzyMatches" ".rs.getCompletionsSearchPath" "Reduce" "<Anonymous>" 
"ls" "FUN" "lapply" ".rs.objectsOnSearchPath" ".rs.getCompletionsSearchPath" "Reduce" "<Anonymous>" 
"ls" "FUN" "lapply" ".rs.objectsOnSearchPath" ".rs.getCompletionsSearchPath" "Reduce" "<Anonymous>" 
"ls" "FUN" "lapply" ".rs.objectsOnSearchPath" ".rs.getCompletionsSearchPath" "Reduce" "<Anonymous>" 
"as.list" ".rs.getHelpFromObject" ".rs.getHelpFunction" "<Anonymous>" 
".rs.getHelpFromObject" ".rs.getHelpFunction" "<Anonymous>" 
"as.list" "lapply" "sapply" "RdTags" "writeContent" "writeLR" "writeBlock" "writeContent" "writeSection" "Rd2HTML" "tools:::httpd" "withCallingHandlers" "suppressWarnings" ".rs.getHelp" ".rs.getHelpFromObject" ".rs.getHelpFunction" "<Anonymous>" 
"ls" "FUN" "lapply" ".rs.objectsOnSearchPath" ".rs.getCompletionsSearchPath" "Reduce" "<Anonymous>" 
"ls" "FUN" "lapply" ".rs.objectsOnSearchPath" ".rs.getCompletionsSearchPath" "Reduce" "<Anonymous>" 
"ls" "FUN" "lapply" ".rs.objectsOnSearchPath" ".rs.getCompletionsSearchPath" "Reduce" "<Anonymous>" 
"doTryCatch" "tryCatchOne" "tryCatchList" "tryCatch" ".rs.getHelpFromObject" ".rs.getHelpFunction" "<Anonymous>" 
"gzfile" "readRDS" "tools:::httpd" "withCallingHandlers" "suppressWarnings" ".rs.getHelp" ".rs.getHelpFromObject" ".rs.getHelpFunction" "<Anonymous>" 
"lazyLoadDBfetch" "fetch" "fun" "lazyLoadDBexec" "tools:::fetchRdDB" "utils:::.getHelpFile" "prepare_Rd" "Rd2HTML" "tools:::httpd" "withCallingHandlers" "suppressWarnings" ".rs.getHelp" ".rs.getHelpFromObject" ".rs.getHelpFunction" "<Anonymous>" 
"grepl" "addParaBreaks" "writeLines" "writeLinesUTF8" "of1" "writeBlock" "writeContent" "writeSection" "Rd2HTML" "tools:::httpd" "withCallingHandlers" "suppressWarnings" ".rs.getHelp" ".rs.getHelpFromObject" ".rs.getHelpFunction" "<Anonymous>" 
"psub" "htmlify" "isBlankLineRd" "addParaBreaks" "writeLines" "writeLinesUTF8" "of1" "writeBlock" "writeContent" "writeContent" "writeSection" "Rd2HTML" "tools:::httpd" "withCallingHandlers" "suppressWarnings" ".rs.getHelp" ".rs.getHelpFromObject" ".rs.getHelpFunction" "<Anonymous>" 
"[" "addParaBreaks" "writeLines" "writeLinesUTF8" "of1" "writeBlock" "writeContent" "writeContent" "writeSection" "Rd2HTML" "tools:::httpd" "withCallingHandlers" "suppressWarnings" ".rs.getHelp" ".rs.getHelpFromObject" ".rs.getHelpFunction" "<Anonymous>" 
"psub" "htmlify" "isBlankLineRd" "addParaBreaks" "writeLines" "writeLinesUTF8" "of1" "writeBlock" "writeContent" "writeHref" "writeLink" "writeBlock" "writeContent" "writeWrapped" "writeBlock" "writeContent" "writeContent" "writeSection" "Rd2HTML" "tools:::httpd" "withCallingHandlers" "suppressWarnings" ".rs.getHelp" ".rs.getHelpFromObject" ".rs.getHelpFunction" "<Anonymous>" 
"grep" "isBlankLineRd" "addParaBreaks" "writeLines" "writeLinesUTF8" "of1" "writeBlock" "writeContent" "writeSection" "Rd2HTML" "tools:::httpd" "withCallingHandlers" "suppressWarnings" ".rs.getHelp" ".rs.getHelpFromObject" ".rs.getHelpFunction" "<Anonymous>" 
"htmlify" "isBlankLineRd" "addParaBreaks" "writeLines" "writeLinesUTF8" "of1" "writeBlock" "writeContent" "writeHref" "writeLink" "writeBlock" "writeContent" "writeWrapped" "writeBlock" "writeContent" "writeSection" "Rd2HTML" "tools:::httpd" "withCallingHandlers" "suppressWarnings" ".rs.getHelp" ".rs.getHelpFromObject" ".rs.getHelpFunction" "<Anonymous>" 
"ls" "FUN" "lapply" ".rs.objectsOnSearchPath" ".rs.getCompletionsSearchPath" "Reduce" "<Anonymous>" 
"ls" "FUN" "lapply" ".rs.objectsOnSearchPath" ".rs.getCompletionsSearchPath" "Reduce" "<Anonymous>" 
"tolower" "nchar" ".rs.startsWith" ".rs.fuzzyMatches" ".rs.getCompletionsSearchPath" "Reduce" "<Anonymous>" 
"readRDS" "tools:::httpd" "withCallingHandlers" "suppressWarnings" ".rs.getHelp" ".rs.getHelpFromObject" ".rs.getHelpFunction" "<Anonymous>" 
"addParaBreaks" "writeLines" "writeLinesUTF8" "of1" "writeBlock" "writeContent" "writeSection" "Rd2HTML" "tools:::httpd" "withCallingHandlers" "suppressWarnings" ".rs.getHelp" ".rs.getHelpFromObject" ".rs.getHelpFunction" "<Anonymous>" 
"grep" "isBlankLineRd" "addParaBreaks" "writeLines" "writeLinesUTF8" "of1" "writeBlock" "writeContent" "writeSection" "Rd2HTML" "tools:::httpd" "withCallingHandlers" "suppressWarnings" ".rs.getHelp" ".rs.getHelpFromObject" ".rs.getHelpFunction" "<Anonymous>" 
"psub" "htmlify" "isBlankLineRd" "addParaBreaks" "writeLines" "writeLinesUTF8" "of1" "writeBlock" "writeContent" "writeSection" "Rd2HTML" "tools:::httpd" "withCallingHandlers" "suppressWarnings" ".rs.getHelp" ".rs.getHelpFromObject" ".rs.getHelpFunction" "<Anonymous>" 
"ls" "FUN" "lapply" ".rs.objectsOnSearchPath" ".rs.getCompletionsSearchPath" "Reduce" "<Anonymous>" 
"as.list" ".rs.getHelpFromObject" ".rs.getHelpFunction" "<Anonymous>" 
"grep" "isBlankRd" "writeContent" "writeSection" "Rd2HTML" "tools:::httpd" "withCallingHandlers" "suppressWarnings" ".rs.getHelp" ".rs.getHelpFromObject" ".rs.getHelpFunction" "<Anonymous>" 
"fsub" "htmlify" "isBlankLineRd" "addParaBreaks" "writeLines" "writeLinesUTF8" "of1" "writeBlock" "writeContent" "writeSection" "Rd2HTML" "tools:::httpd" "withCallingHandlers" "suppressWarnings" ".rs.getHelp" ".rs.getHelpFromObject" ".rs.getHelpFunction" "<Anonymous>" 
"as.list" "lapply" "sapply" "RdTags" "get_link" "writeLink" "writeBlock" "writeContent" "writeWrapped" "writeBlock" "writeContent" "writeSection" "Rd2HTML" "tools:::httpd" "withCallingHandlers" "suppressWarnings" ".rs.getHelp" ".rs.getHelpFromObject" ".rs.getHelpFunction" "<Anonymous>" 
"ls" "FUN" "lapply" ".rs.objectsOnSearchPath" ".rs.getCompletionsSearchPath" "Reduce" "<Anonymous>" 
"ls" "FUN" "lapply" ".rs.objectsOnSearchPath" ".rs.getCompletionsSearchPath" "Reduce" "<Anonymous>" 
"ls" "FUN" "lapply" ".rs.objectsOnSearchPath" ".rs.getCompletionsSearchPath" "Reduce" "<Anonymous>" 
"ls" "FUN" "lapply" ".rs.objectsOnSearchPath" ".rs.getCompletionsSearchPath" "Reduce" "<Anonymous>" 
"ls" "FUN" "lapply" ".rs.objectsOnSearchPath" ".rs.getCompletionsSearchPath" "Reduce" "<Anonymous>" 
"ls" "FUN" "lapply" ".rs.objectsOnSearchPath" ".rs.getCompletionsSearchPath" "Reduce" "<Anonymous>" 
"ls" "FUN" "lapply" ".rs.objectsOnSearchPath" ".rs.getCompletionsSearchPath" "Reduce" "<Anonymous>" 
"ls" "FUN" "lapply" ".rs.objectsOnSearchPath" ".rs.getCompletionsSearchPath" "Reduce" "<Anonymous>" 
"ls" "FUN" "lapply" ".rs.objectsOnSearchPath" ".rs.getCompletionsSearchPath" "Reduce" "<Anonymous>" 
"lazyLoadDBfetch" "fetch" "fun" "lazyLoadDBexec" "tools:::fetchRdDB" "utils:::.getHelpFile" "prepare_Rd" "Rd2HTML" "tools:::httpd" "withCallingHandlers" "suppressWarnings" ".rs.getHelp" ".rs.getHelpFromObject" ".rs.getHelpArgument" "<Anonymous>" 
"grep" "isBlankLineRd" "addParaBreaks" "writeLines" "writeLinesUTF8" "of1" "writeBlock" "writeContent" "writeSection" "Rd2HTML" "tools:::httpd" "withCallingHandlers" "suppressWarnings" ".rs.getHelp" ".rs.getHelpFromObject" ".rs.getHelpArgument" "<Anonymous>" 
"structure" "grep" "isBlankRd" "writeWrapped" "writeBlock" "writeContent" "writeSection" "Rd2HTML" "tools:::httpd" "withCallingHandlers" "suppressWarnings" ".rs.getHelp" ".rs.getHelpFromObject" ".rs.getHelpArgument" "<Anonymous>" 
"grepl" "addParaBreaks" "writeLines" "writeLinesUTF8" "of1" "writeBlock" "writeContent" "writeSection" "Rd2HTML" "tools:::httpd" "withCallingHandlers" "suppressWarnings" ".rs.getHelp" ".rs.getHelpFromObject" ".rs.getHelpArgument" "<Anonymous>" 
".rs.valueAsString" "<Anonymous>" 
".deparseOpts" "deparse" "doTryCatch" "tryCatchOne" "tryCatchList" "tryCatch" ".rs.valueAsString" "<Anonymous>" 
"gsub" ".rs.fuzzyMatches" ".rs.selectFuzzyMatches" "FUN" "lapply" ".rs.getCompletionsHelp" "<Anonymous>" 
"gzfile" "readRDS" "index.search" "utils::help" "eval" "eval" "doTryCatch" "tryCatchOne" "tryCatchList" "tryCatch" ".rs.getHelp" "<Anonymous>" 
"gzfile" "readRDS" "lazyLoadDBexec" "tools:::fetchRdDB" "utils:::.getHelpFile" "prepare_Rd" "Rd2HTML" "tools:::httpd" "withCallingHandlers" "suppressWarnings" ".rs.getHelp" "<Anonymous>" 
"psub" "htmlify" "isBlankLineRd" "addParaBreaks" "writeLines" "writeLinesUTF8" "of1" "writeBlock" "writeContent" "writeContent" "writeSection" "Rd2HTML" "tools:::httpd" "withCallingHandlers" "suppressWarnings" ".rs.getHelp" "<Anonymous>" 
".rs.subsetCompletions" ".rs.sortCompletions" ".rs.getCompletionsHelp" "<Anonymous>" 
".rs.selectFuzzyMatches" "FUN" "lapply" ".rs.getCompletionsHelp" "<Anonymous>" 
"ls" "FUN" "lapply" ".rs.objectsOnSearchPath" ".rs.getCompletionsSearchPath" "Reduce" "<Anonymous>" 
"gzfile" "read.dcf" "doTryCatch" "tryCatchOne" "tryCatchList" "tryCatch" ".read_description" "Rd2HTML" "tools:::httpd" "withCallingHandlers" "suppressWarnings" ".rs.getHelp" ".rs.getHelpFromObject" ".rs.getHelpFunction" "<Anonymous>" 
"addParaBreaks" "writeLines" "writeLinesUTF8" "of1" "writeBlock" "writeContent" "writeBlock" "writeContent" "writeContent" "writeBlock" "writeContent" "writeContent" "writeSection" "Rd2HTML" "tools:::httpd" "withCallingHandlers" "suppressWarnings" ".rs.getHelp" ".rs.getHelpFromObject" ".rs.getHelpFunction" "<Anonymous>" 
"grep" "isBlankRd" "writeContent" "writeBlock" "writeContent" "writeContent" "writeSection" "Rd2HTML" "tools:::httpd" "withCallingHandlers" "suppressWarnings" ".rs.getHelp" ".rs.getHelpFromObject" ".rs.getHelpFunction" "<Anonymous>" 
"file" "source" 
"file" "read.table" "read.csv" 
"scan" "read.table" "read.csv" 
"scan" "read.table" "read.csv" 
"scan" "read.table" "read.csv" 
".External2" "type.convert.default" "type.convert" "read.table" "read.csv" 
".External2" "type.convert.default" "type.convert" "read.table" "read.csv" 
".External2" "type.convert.default" "type.convert" "read.table" "read.csv" 
".External2" "type.convert.default" "type.convert" "read.table" "read.csv" 
".External2" "type.convert.default" "type.convert" "read.table" "read.csv" 
"ls" "FUN" "lapply" ".rs.objectsOnSearchPath" ".rs.getCompletionsSearchPath" "Reduce" "<Anonymous>" 
"substring" ".rs.startsWith" ".rs.fuzzyMatches" ".rs.getCompletionsSearchPath" "Reduce" "<Anonymous>" 
"ls" "FUN" "lapply" ".rs.objectsOnSearchPath" ".rs.getCompletionsSearchPath" "Reduce" "<Anonymous>" 
"ls" "FUN" "lapply" ".rs.objectsOnSearchPath" ".rs.getCompletionsSearchPath" "Reduce" "<Anonymous>" 
"gsub" ".rs.fuzzyMatches" ".rs.getCompletionsSearchPath" "Reduce" "<Anonymous>" 
"makeRestartList" "withRestarts" ".signalSimpleWarning" ".rs.normalizePath" "withCallingHandlers" "suppressWarnings" "<Anonymous>" 
"tolower" "nchar" ".rs.startsWith" ".rs.fuzzyMatches" ".rs.getCompletionsSearchPath" "Reduce" "<Anonymous>" 
"ls" "FUN" "lapply" ".rs.objectsOnSearchPath" ".rs.getCompletionsSearchPath" "Reduce" "<Anonymous>" 
"getExportedValue" "::" "formals" "as.list" ".rs.getHelpFromObject" ".rs.getHelpArgument" "<Anonymous>" 
"gzfile" "readRDS" "tools:::httpd" "withCallingHandlers" "suppressWarnings" ".rs.getHelp" ".rs.getHelpFromObject" ".rs.getHelpArgument" "<Anonymous>" 
"grep" "isBlankLineRd" "addParaBreaks" "writeLines" "writeLinesUTF8" "of1" "writeBlock" "writeContent" "writeSection" "Rd2HTML" "tools:::httpd" "withCallingHandlers" "suppressWarnings" ".rs.getHelp" ".rs.getHelpFromObject" ".rs.getHelpArgument" "<Anonymous>" 
"close.connection" "close" "Rd2HTML" "tools:::httpd" "withCallingHandlers" "suppressWarnings" ".rs.getHelp" ".rs.getHelpFromObject" ".rs.getHelpArgument" "<Anonymous>" 
"scan" "read.table" "read.csv" 
"scan" "read.table" "read.csv" 
"scan" "read.table" "read.csv" 
".External2" "type.convert.default" "type.convert" "read.table" "read.csv" 
".External2" "type.convert.default" "type.convert" "read.table" "read.csv" 
".External2" "type.convert.default" "type.convert" "read.table" "read.csv" 
".External2" "type.convert.default" "type.convert" "read.table" "read.csv" 
".External2" "type.convert.default" "type.convert" "read.table" "read.csv" 
".rs.hasPythonStackTrace" "FUN" "lapply" ".rs.recordTraceback" "<Anonymous>" "file" "read.table" "read.csv" "plot_30days" 
"scan" "read.table" "read.csv" "plot_30days" 
"scan" "read.table" "read.csv" "plot_30days" 
"scan" "read.table" "read.csv" "plot_30days" 
".External2" "plot.new" "plot.histogram" "plot" "hist.default" "hist" "plot_30days" 
"close.connection" "close" "save" "<Anonymous>" 
"gsub" ".rs.doStripSurrounding" ".rs.stripSurrounding" ".rs.getAnywhere" ".rs.resolveObjectFromFunctionCall" ".rs.getCompletionsArgument" ".rs.getCompletionsFunction" ".rs.appendCompletions" ".rs.getRCompletions" ".rs.appendCompletions" "<Anonymous>" 
"nchar" ".rs.startsWith" ".rs.fuzzyMatches" ".rs.getCompletionsSearchPath" "Reduce" "<Anonymous>" 
"tryCatch" ".rs.getHelpFromObject" ".rs.getHelpFunction" "<Anonymous>" 
"lazyLoadDBfetch" "fetch" "fun" "lazyLoadDBexec" "tools:::fetchRdDB" "utils:::.getHelpFile" "prepare_Rd" "Rd2HTML" "tools:::httpd" "withCallingHandlers" "suppressWarnings" ".rs.getHelp" ".rs.getHelpFromObject" ".rs.getHelpFunction" "<Anonymous>" 
"simplify2array" "sapply" "RdTags" "writeContent" "writeSection" "Rd2HTML" "tools:::httpd" "withCallingHandlers" "suppressWarnings" ".rs.getHelp" ".rs.getHelpFromObject" ".rs.getHelpFunction" "<Anonymous>" 
"readLines" "paste" "tools:::httpd" "withCallingHandlers" "suppressWarnings" ".rs.getHelp" ".rs.getHelpFromObject" ".rs.getHelpFunction" "<Anonymous>" 
"ls" "FUN" "lapply" ".rs.objectsOnSearchPath" ".rs.getCompletionsSearchPath" "Reduce" "<Anonymous>" 
"substring" ".rs.startsWith" ".rs.fuzzyMatches" ".rs.getCompletionsSearchPath" "Reduce" "<Anonymous>" 
"gzfile" "readRDS" "data" "withCallingHandlers" "suppressWarnings" "doTryCatch" "tryCatchOne" "tryCatchList" "tryCatch" ".rs.getHelpFromObject" ".rs.getHelpArgument" "<Anonymous>" 
"do.call" "doTryCatch" "tryCatchOne" "tryCatchList" "tryCatch" ".rs.getHelpFromObject" ".rs.getHelpArgument" "<Anonymous>" 
"dirname" "utils:::.getHelpFile" "prepare_Rd" "Rd2HTML" "tools:::httpd" "withCallingHandlers" "suppressWarnings" ".rs.getHelp" ".rs.getHelpFromObject" ".rs.getHelpArgument" "<Anonymous>" 
"writeContent" "writeWrapped" "writeBlock" "writeContent" "writeSection" "Rd2HTML" "tools:::httpd" "withCallingHandlers" "suppressWarnings" ".rs.getHelp" ".rs.getHelpFromObject" ".rs.getHelpArgument" "<Anonymous>" 
"print.default" "print" "print.data.frame" "<Anonymous>" 
"isBaseNamespace" "getExportedValue" "::" "doTryCatch" "tryCatchOne" "tryCatchList" "tryCatch" "base::try" "print.default" "print" "print.data.frame" "<Anonymous>" 
"tryCatch" "base::try" "print.default" "print" "print.data.frame" "<Anonymous>" 
"isNamespace" "asNamespace" "getExportedValue" "::" "doTryCatch" "tryCatchOne" "tryCatchList" "tryCatch" "base::try" "print.default" "print" "print.data.frame" "<Anonymous>" 
"getExportedValue" "::" "doTryCatch" "tryCatchOne" "tryCatchList" "tryCatch" "base::try" "print.default" "print" "print.data.frame" "<Anonymous>" 
"ls" "FUN" "lapply" ".rs.objectsOnSearchPath" ".rs.getCompletionsSearchPath" "Reduce" "<Anonymous>" 
"gsub" ".rs.fuzzyMatches" ".rs.getCompletionsSearchPath" "Reduce" "<Anonymous>" 
"tryCatch" "<Anonymous>" 
"basename" ".rs.getCompletionsPackages" "Reduce" "<Anonymous>" 
"as.character.default" "as.character" "as.character" "tolower" 
"as.character.default" "as.character" "as.character" "tolower" 
"as.character.default" "as.character" "as.character" "tolower" 
"as.character.default" "as.character" "as.character" "tolower" 
"as.character.default" "as.character" "as.character" "tolower" 
"as.character.default" "as.character" "as.character" "tolower" 
"as.character.default" "as.character" "as.character" "tolower" 
"as.character.default" "as.character" "as.character" "tolower" 
"as.character.default" "as.character" "as.character" "tolower" 
"scan" "read.table" "read.csv" 
"scan" "read.table" "read.csv" 
"scan" "read.table" "read.csv" 
".External2" "type.convert.default" "type.convert" "read.table" "read.csv" 
".External2" "type.convert.default" "type.convert" "read.table" "read.csv" 
".External2" "type.convert.default" "type.convert" "read.table" "read.csv" 
".External2" "type.convert.default" "type.convert" "read.table" "read.csv" 
"ls" "FUN" "lapply" ".rs.objectsOnSearchPath" ".rs.getCompletionsSearchPath" "Reduce" "<Anonymous>" 
"as.character.default" "as.character" "as.character" "tolower" 
"as.character.default" "as.character" "as.character" "tolower" 
"as.character.default" "as.character" "as.character" "tolower" 
"as.character.default" "as.character" "as.character" "tolower" 
"as.character.default" "as.character" "as.character" "tolower" 
"as.character.default" "as.character" "as.character" "tolower" 
"as.character.default" "as.character" "as.character" "tolower" 
"as.character.default" "as.character" "as.character" "tolower" 
"as.character.default" "as.character" "as.character" "tolower" 
"tolower" 
"ls" "FUN" "lapply" ".rs.objectsOnSearchPath" ".rs.getCompletionsSearchPath" "Reduce" "<Anonymous>" 
"nchar" ".rs.startsWith" ".rs.fuzzyMatches" ".rs.getCompletionsSearchPath" "Reduce" "<Anonymous>" 
"ls" "FUN" "lapply" ".rs.objectsOnSearchPath" ".rs.getCompletionsSearchPath" "Reduce" "<Anonymous>" 
"grepl" ".rs.makeCompletions" ".rs.emptyCompletions" ".rs.getRChainCompletions" ".rs.appendCompletions" "<Anonymous>" 
"gsub" ".rs.fuzzyMatches" ".rs.getCompletionsSearchPath" "Reduce" "<Anonymous>" 
"sub" ".rs.doStripSurrounding" ".rs.stripSurrounding" "parse" "doTryCatch" "tryCatchOne" "tryCatchList" "tryCatch" "withCallingHandlers" "quietly" ".rs.getAnywhere" ".rs.resolveObjectFromFunctionCall" ".rs.getCompletionsFunction" ".rs.appendCompletions" ".rs.getRCompletions" ".rs.appendCompletions" "<Anonymous>" 
"ls" "FUN" "lapply" ".rs.objectsOnSearchPath" ".rs.getCompletionsSearchPath" "Reduce" "<Anonymous>" 
"ls" "FUN" "lapply" ".rs.objectsOnSearchPath" ".rs.getCompletionsSearchPath" "Reduce" "<Anonymous>" 
"sub" ".rs.doStripSurrounding" ".rs.stripSurrounding" "parse" "doTryCatch" "tryCatchOne" "tryCatchList" "tryCatch" "withCallingHandlers" "quietly" ".rs.getAnywhere" ".rs.resolveObjectFromFunctionCall" ".rs.getCompletionsFunction" ".rs.appendCompletions" ".rs.getRCompletions" ".rs.appendCompletions" "<Anonymous>" 
"doTryCatch" "tryCatchOne" "tryCatchList" "tryCatch" "withCallingHandlers" "stopifnot" "srcfilecopy" "parse" "doTryCatch" "tryCatchOne" "tryCatchList" "tryCatch" "withCallingHandlers" "quietly" ".rs.getAnywhere" "<Anonymous>" 
"parse" "doTryCatch" "tryCatchOne" "tryCatchList" "tryCatch" "<Anonymous>" 
"gsub" ".rs.fuzzyMatches" ".rs.getCompletionsSearchPath" "Reduce" "<Anonymous>" 
"objects" ".rs.getHelpFromObject" ".rs.getHelpFunction" "<Anonymous>" 
"psub" "htmlify" "isBlankLineRd" "addParaBreaks" "writeLines" "writeLinesUTF8" "of1" "writeBlock" "writeContent" "writeContent" "writeSection" "Rd2HTML" "tools:::httpd" "withCallingHandlers" "suppressWarnings" ".rs.getHelp" ".rs.getHelpFromObject" ".rs.getHelpFunction" "<Anonymous>" 
"fsub" "htmlify" "isBlankLineRd" "addParaBreaks" "writeLines" "writeLinesUTF8" "of1" "writeBlock" "writeContent" "writeLR" "writeBlock" "writeContent" "writeSection" "Rd2HTML" "tools:::httpd" "withCallingHandlers" "suppressWarnings" ".rs.getHelp" ".rs.getHelpFromObject" ".rs.getHelpFunction" "<Anonymous>" 
"psub" "htmlify" "isBlankLineRd" "addParaBreaks" "writeLines" "writeLinesUTF8" "of1" "writeBlock" "writeContent" "writeSection" "Rd2HTML" "tools:::httpd" "withCallingHandlers" "suppressWarnings" ".rs.getHelp" ".rs.getHelpFromObject" ".rs.getHelpFunction" "<Anonymous>" 
"ls" "FUN" "lapply" ".rs.objectsOnSearchPath" ".rs.getCompletionsSearchPath" "Reduce" "<Anonymous>" 
"ls" "FUN" "lapply" ".rs.objectsOnSearchPath" ".rs.getCompletionsSearchPath" "Reduce" "<Anonymous>" 
"ls" "FUN" "lapply" ".rs.objectsOnSearchPath" ".rs.getCompletionsSearchPath" "Reduce" "<Anonymous>" 
"rep.int" ".rs.formCompletionVector" ".rs.makeCompletions" ".rs.getCompletionsSearchPath" "Reduce" "<Anonymous>" 
"ls" "FUN" "lapply" ".rs.objectsOnSearchPath" ".rs.getCompletionsSearchPath" "Reduce" "<Anonymous>" 
"gsub" ".rs.fuzzyMatches" ".rs.getCompletionsActiveFrame" "Reduce" "<Anonymous>" 
"ls" "FUN" "lapply" ".rs.objectsOnSearchPath" ".rs.getCompletionsSearchPath" "Reduce" "<Anonymous>" 
"substring" ".rs.startsWith" ".rs.fuzzyMatches" ".rs.getCompletionsSearchPath" "Reduce" "<Anonymous>" 
"environment" "doTryCatch" "tryCatchOne" "tryCatchList" "tryCatch" "base::try" 
"getNamespace" "asNamespace" "getExportedValue" "::" ".rs.getDollarNamesMethod" ".rs.getCompletionsDollar" "<Anonymous>" 
"ls" "FUN" "lapply" ".rs.objectsOnSearchPath" ".rs.getCompletionsSearchPath" "Reduce" "<Anonymous>" 
"ls" "FUN" "lapply" ".rs.objectsOnSearchPath" ".rs.getCompletionsSearchPath" "Reduce" "<Anonymous>" 
"scan" "read.table" "read.csv" 
"scan" "read.table" "read.csv" 
"scan" "read.table" "read.csv" 
".External2" "type.convert.default" "type.convert" "read.table" "read.csv" 
".External2" "type.convert.default" "type.convert" "read.table" "read.csv" 
".External2" "type.convert.default" "type.convert" "read.table" "read.csv" 
".External2" "type.convert.default" "type.convert" "read.table" "read.csv" 
".External2" "type.convert.default" "type.convert" "read.table" "read.csv" 
".External2" "type.convert.default" "type.convert" "read.table" "read.csv" 
".External2" "type.convert.default" "type.convert" "read.table" "read.csv" 
".External2" "type.convert.default" "type.convert" "read.table" "read.csv" 
"format" "format.data.frame" "as.matrix" "print.data.frame" "<Anonymous>" 
"print.default" "print" "print.data.frame" "<Anonymous>" 
"ls" "FUN" "lapply" ".rs.objectsOnSearchPath" ".rs.getCompletionsSearchPath" "Reduce" "<Anonymous>" 
"tryCatchOne" "tryCatchList" "tryCatch" "withCallingHandlers" "stopifnot" "srcfilecopy" "parse" "doTryCatch" "tryCatchOne" "tryCatchList" "tryCatch" "<Anonymous>" 
"tolower" "nchar" ".rs.startsWith" ".rs.fuzzyMatches" ".rs.getCompletionsSearchPath" "Reduce" "<Anonymous>" 
"ls" "FUN" "lapply" ".rs.objectsOnSearchPath" ".rs.getCompletionsSearchPath" "Reduce" "<Anonymous>" 
"ls" "FUN" "lapply" ".rs.objectsOnSearchPath" ".rs.getCompletionsSearchPath" "Reduce" "<Anonymous>" 
"ls" "FUN" "lapply" ".rs.objectsOnSearchPath" ".rs.getCompletionsSearchPath" "Reduce" "<Anonymous>" 
"gsub" ".rs.fuzzyMatches" ".rs.getCompletionsSearchPath" "Reduce" "<Anonymous>" 
"ls" "FUN" "lapply" ".rs.objectsOnSearchPath" ".rs.getCompletionsSearchPath" "Reduce" "<Anonymous>" 
"grepl" ".rs.makeCompletions" ".rs.getCompletionsActiveFrame" "Reduce" "<Anonymous>" 
"gettext" "sprintf" "gettextf" "stop" "find.package" "index.search" "utils::help" "eval" "eval" "doTryCatch" "tryCatchOne" "tryCatchList" "tryCatch" ".rs.getHelp" "<Anonymous>" 
".rs.scalar" "FUN" "lapply" ".rs.recordTraceback" "<Anonymous>" "stop" "[.data.frame" "[" 
"tryCatchOne" "tryCatchList" "tryCatch" "base::try" "print.default" "print" "print.data.frame" "<Anonymous>" 
"tryCatch" "base::try" "print.default" "print" "print.data.frame" "<Anonymous>" 
"getNamespace" "asNamespace" "getExportedValue" "::" "print.default" "print" "print.data.frame" "<Anonymous>" 
"print.default" "print" "print.data.frame" "<Anonymous>" 
"print.default" "print" "print.factor" "<Anonymous>" 
"isNamespace" "asNamespace" "getExportedValue" "::" "doTryCatch" "tryCatchOne" "tryCatchList" "tryCatch" "base::try" "print.default" "print" "print.factor" "<Anonymous>" 
"ls" "FUN" "lapply" ".rs.objectsOnSearchPath" ".rs.getCompletionsSearchPath" "Reduce" "<Anonymous>" 
"[[" "[.data.frame" "[" "format.data.frame" "as.matrix" "print.data.frame" "<Anonymous>" 
"<Anonymous>" "do.call" "as.data.frame.list" "format.data.frame" "as.matrix" "print.data.frame" "<Anonymous>" 
"doTryCatch" "tryCatchOne" "tryCatchList" "tryCatch" "base::try" "print.default" "print" "print.data.frame" "<Anonymous>" 
"print.default" "print" "print.data.frame" "<Anonymous>" 
"print.default" "print" "print.data.frame" "<Anonymous>" 
"ls" "FUN" "lapply" ".rs.objectsOnSearchPath" ".rs.getCompletionsSearchPath" "Reduce" "<Anonymous>" 
"print.default" "print" "print.data.frame" "<Anonymous>" 
"print.default" "print" "print.data.frame" "<Anonymous>" 
"print.default" "print" "print.data.frame" "<Anonymous>" 
"print.default" "print" "print.data.frame" "<Anonymous>" 
"gsub" ".rs.fuzzyMatches" ".rs.selectFuzzyMatches" "FUN" "lapply" ".rs.getCompletionsHelp" "<Anonymous>" 
"file.exists" "FUN" "lapply" "find.package" "index.search" "help" "eval" "eval" "?" 
"file.exists" "find.package" "index.search" "help" "eval" "eval" "?" 
"gzfile" "readRDS" "index.search" "help" "eval" "eval" "?" 
"readRDS" "index.search" "help" "eval" "eval" "?" 
"FUN" "lapply" "strwrap" "Rd2HTML" "<Anonymous>" "doTryCatch" "tryCatchOne" "tryCatchList" "tryCatch" "try" "withCallingHandlers" "<Anonymous>" 
"psub" "addParaBreaks" "writeLines" "writeLinesUTF8" "of1" "writeBlock" "writeContent" "writeSection" "Rd2HTML" "<Anonymous>" "doTryCatch" "tryCatchOne" "tryCatchList" "tryCatch" "try" "withCallingHandlers" "<Anonymous>" 
"psub" "addParaBreaks" "writeLines" "writeLinesUTF8" "of1" "writeBlock" "writeContent" "writeBlock" "writeContent" "writeSection" "Rd2HTML" "<Anonymous>" "doTryCatch" "tryCatchOne" "tryCatchList" "tryCatch" "try" "withCallingHandlers" "<Anonymous>" 
"psub" "htmlify" "isBlankLineRd" "addParaBreaks" "writeLines" "writeLinesUTF8" "of1" "writeBlock" "writeContent" "writeSection" "Rd2HTML" "<Anonymous>" "doTryCatch" "tryCatchOne" "tryCatchList" "tryCatch" "try" "withCallingHandlers" "<Anonymous>" 
"as.character" "grepl" "urlify" "paste0" "writeLines" "writeLinesUTF8" "of0" "Rd2HTML" "<Anonymous>" "doTryCatch" "tryCatchOne" "tryCatchList" "tryCatch" "try" "withCallingHandlers" "<Anonymous>" 
"writeLines" "writeLinesUTF8" "of1" "writeBlock" "writeContent" "writeSection" "Rd2HTML" "<Anonymous>" "doTryCatch" "tryCatchOne" "tryCatchList" "tryCatch" "try" "withCallingHandlers" "<Anonymous>" 
"psub" "htmlify" "isBlankLineRd" "addParaBreaks" "writeLines" "writeLinesUTF8" "of1" "writeBlock" "writeContent" "writeBlock" "writeContent" "writeSection" "Rd2HTML" "<Anonymous>" "doTryCatch" "tryCatchOne" "tryCatchList" "tryCatch" "try" "withCallingHandlers" "<Anonymous>" 
"grepl" "addParaBreaks" "writeLines" "writeLinesUTF8" "of1" "writeBlock" "writeContent" "writeSection" "Rd2HTML" "<Anonymous>" "doTryCatch" "tryCatchOne" "tryCatchList" "tryCatch" "try" "withCallingHandlers" "<Anonymous>" 
"rank" "as.vector" "xtfrm.default" "xtfrm" "xtfrm" "as.vector" "FUN" "lapply" "order" "[.data.frame" "[" "sort.default" "sort" 
"rank" "as.vector" "xtfrm.default" "xtfrm" "xtfrm" "as.vector" "FUN" "lapply" "order" "[.data.frame" "[" "sort.default" "sort" 
"ls" "FUN" "lapply" ".rs.objectsOnSearchPath" ".rs.getCompletionsSearchPath" "Reduce" "<Anonymous>" 
"gsub" ".rs.fuzzyMatches" ".rs.selectFuzzyMatches" ".rs.getCompletionsSingleBracket" ".rs.appendCompletions" ".rs.getRCompletions" ".rs.appendCompletions" "<Anonymous>" 
"FUN" "lapply" "unlist" ".rs.getCompletionsSearchPath" "Reduce" "<Anonymous>" 
"sub" ".rs.doStripSurrounding" ".rs.stripSurrounding" "parse" "doTryCatch" "tryCatchOne" "tryCatchList" "tryCatch" "withCallingHandlers" "quietly" ".rs.getAnywhere" "<Anonymous>" 
"print.default" "print" "print.data.frame" "<Anonymous>" 
"tryCatchOne" "tryCatchList" "tryCatch" "base::try" "print.default" "print" "print.data.frame" "<Anonymous>" 
"doTryCatch" "tryCatchOne" "tryCatchList" "tryCatch" "base::try" "print.default" "print" "print.data.frame" "<Anonymous>" 
"print.default" "print" "print.data.frame" "<Anonymous>" 
"parse" "doTryCatch" "tryCatchOne" "tryCatchList" "tryCatch" "withCallingHandlers" "quietly" ".rs.getAnywhere" "doTryCatch" "tryCatchOne" "tryCatchList" "tryCatch" ".rs.blackListEvaluationDataTable" ".rs.blackListEvaluation" ".rs.getCompletionsDollar" "<Anonymous>" 
"simpleError" "tryCatchOne" "tryCatchList" "tryCatch" "<Anonymous>" 
"gsub" ".rs.fuzzyMatches" ".rs.getCompletionsSearchPath" "Reduce" "<Anonymous>" 
"ls" "FUN" "lapply" ".rs.objectsOnSearchPath" ".rs.getCompletionsSearchPath" "Reduce" "<Anonymous>" 
"print.default" "print" "print.factor" "<Anonymous>" 
"tryCatch" "base::try" "print.default" "print" "print.factor" "<Anonymous>" 
"getExportedValue" "::" "doTryCatch" "tryCatchOne" "tryCatchList" "tryCatch" "base::try" "print.default" "print" "print.factor" "<Anonymous>" 
"ls" "FUN" "lapply" ".rs.objectsOnSearchPath" ".rs.getCompletionsSearchPath" "Reduce" "<Anonymous>" 
"ls" "FUN" "lapply" ".rs.objectsOnSearchPath" ".rs.getCompletionsSearchPath" "Reduce" "<Anonymous>" 
"doTryCatch" "tryCatchOne" "tryCatchList" "tryCatch" "base::try" "print.default" "print" "print.factor" "<Anonymous>" 
"getExportedValue" "::" "doTryCatch" "tryCatchOne" "tryCatchList" "tryCatch" "base::try" "print.default" "print" "print.factor" "<Anonymous>" 
"print.default" "print" "print.factor" "<Anonymous>" 
"ls" "FUN" "lapply" ".rs.objectsOnSearchPath" ".rs.getCompletionsSearchPath" "Reduce" "<Anonymous>" 
"ls" "FUN" "lapply" ".rs.objectsOnSearchPath" ".rs.getCompletionsSearchPath" "Reduce" "<Anonymous>" 
"ls" "FUN" "lapply" ".rs.objectsOnSearchPath" ".rs.getCompletionsSearchPath" "Reduce" "<Anonymous>" 
"ls" "FUN" "lapply" ".rs.objectsOnSearchPath" ".rs.getCompletionsSearchPath" "Reduce" "<Anonymous>" 
"inherits" ".rs.getCompletionType" "doTryCatch" "tryCatchOne" "tryCatchList" "tryCatch" "FUN" "vapply" ".rs.getCompletionsSearchPath" "Reduce" "<Anonymous>" 
"print.default" "print" "print.factor" "<Anonymous>" 
"getExportedValue" "::" "doTryCatch" "tryCatchOne" "tryCatchList" "tryCatch" "base::try" "print.default" "print" "print.factor" "<Anonymous>" 
"ls" "FUN" "lapply" ".rs.objectsOnSearchPath" ".rs.getCompletionsSearchPath" "Reduce" "<Anonymous>" 
"print.default" "print" "print.factor" "<Anonymous>" 
"print.default" "print" "print.data.frame" "<Anonymous>" 
"get" "getExportedValue" "::" "print.default" "print" "print.data.frame" "<Anonymous>" 
"doTryCatch" "tryCatchOne" "tryCatchList" "tryCatch" "base::try" "print.default" "print" "print.data.frame" "<Anonymous>" 
"tryCatchOne" "tryCatchList" "tryCatch" "base::try" "print.default" "print" "print.data.frame" "<Anonymous>" 
"paste" "as.data.frame.AsIs" "as.data.frame" "<Anonymous>" "do.call" "as.data.frame.list" "format.data.frame" "as.matrix" "print.data.frame" "<Anonymous>" 
"print.default" "print" "print.data.frame" "<Anonymous>" 
"tryCatch" "base::try" "print.default" "print" "print.data.frame" "<Anonymous>" 
"print.default" "print" "print.data.frame" "<Anonymous>" 
"tryCatchOne" "tryCatchList" "tryCatch" "base::try" "print.default" "print" "print.data.frame" "<Anonymous>" 
"tryCatchList" "tryCatch" "base::try" "print.default" "print" "print.data.frame" "<Anonymous>" 
"stopifnot" "srcfilecopy" "parse" "doTryCatch" "tryCatchOne" "tryCatchList" "tryCatch" "<Anonymous>" 
"parse" "doTryCatch" "tryCatchOne" "tryCatchList" "tryCatch" "withCallingHandlers" "quietly" ".rs.getAnywhere" ".rs.getCompletionsDollar" "<Anonymous>" 
"parse" "doTryCatch" "tryCatchOne" "tryCatchList" "tryCatch" "withCallingHandlers" "quietly" ".rs.getAnywhere" ".rs.getCompletionsDollar" "<Anonymous>" 
"dim" "dim" "structure" "format" "format.factor" "format" "format.data.frame" "as.matrix" "print.data.frame" "<Anonymous>" 
"getNamespace" "asNamespace" "getExportedValue" "::" "print.default" "print" "print.data.frame" "<Anonymous>" 
"print.default" "print" "print.data.frame" "<Anonymous>" 
"get" "getExportedValue" "::" "print.default" "print" "print.data.frame" "<Anonymous>" 
"doTryCatch" "tryCatchOne" "tryCatchList" "tryCatch" "base::try" "print.default" "print" "print.data.frame" "<Anonymous>" 
"ls" "FUN" "lapply" ".rs.objectsOnSearchPath" ".rs.getCompletionsSearchPath" "Reduce" "<Anonymous>" 
"ls" "FUN" "lapply" ".rs.objectsOnSearchPath" ".rs.getCompletionsSearchPath" "Reduce" "<Anonymous>" 
"ls" "FUN" "lapply" ".rs.objectsOnSearchPath" ".rs.getCompletionsSearchPath" "Reduce" "<Anonymous>" 
"basename" ".rs.getCompletionsPackages" "Reduce" "<Anonymous>" 
"ls" "FUN" "lapply" ".rs.objectsOnSearchPath" ".rs.getCompletionsSearchPath" "Reduce" "<Anonymous>" 
"parse" "doTryCatch" "tryCatchOne" "tryCatchList" "tryCatch" "withCallingHandlers" "quietly" ".rs.getAnywhere" ".rs.getCompletionsSingleBracket" ".rs.appendCompletions" ".rs.getRCompletions" ".rs.appendCompletions" "<Anonymous>" 
"doTryCatch" "tryCatchOne" "tryCatchList" "tryCatch" "base::try" "print.default" "print" "print.data.frame" "<Anonymous>" 
"doTryCatch" "tryCatchOne" "tryCatchList" "tryCatch" "base::try" "print.default" "print" "print.data.frame" "<Anonymous>" 
"doTryCatch" "tryCatchOne" "tryCatchList" "tryCatch" "base::try" "print.default" "print" "print.data.frame" "<Anonymous>" 
"print.default" "print" "print.data.frame" "<Anonymous>" 
"structure" "object.size" "<Anonymous>" 
"ls" "FUN" "lapply" ".rs.objectsOnSearchPath" ".rs.getCompletionsSearchPath" "Reduce" "<Anonymous>" 
"tryCatch" "base::try" "print.default" "print" "print.factor" "<Anonymous>" 
"getExportedValue" "::" "doTryCatch" "tryCatchOne" "tryCatchList" "tryCatch" "base::try" "print.default" "print" "print.factor" "<Anonymous>" 
"isNamespace" "asNamespace" "getExportedValue" "::" "doTryCatch" "tryCatchOne" "tryCatchList" "tryCatch" "base::try" "print.default" "print" "print.factor" "<Anonymous>" 
"nchar" ".rs.startsWith" ".rs.fuzzyMatches" ".rs.getCompletionsSearchPath" "Reduce" "<Anonymous>" 
"ls" "FUN" "lapply" ".rs.objectsOnSearchPath" ".rs.getCompletionsSearchPath" "Reduce" "<Anonymous>" 
"ls" "FUN" "lapply" ".rs.objectsOnSearchPath" ".rs.getCompletionsSearchPath" "Reduce" "<Anonymous>" 
"ls" "FUN" "lapply" ".rs.objectsOnSearchPath" ".rs.getCompletionsSearchPath" "Reduce" "<Anonymous>" 
"ls" "FUN" "lapply" ".rs.objectsOnSearchPath" ".rs.getCompletionsSearchPath" "Reduce" "<Anonymous>" 
".rs.getCompletionsSearchPath" "Reduce" "<Anonymous>" 
"print.factor" "<Anonymous>" 
"ls" "FUN" "lapply" ".rs.objectsOnSearchPath" ".rs.getCompletionsSearchPath" "Reduce" "<Anonymous>" 
"ls" "FUN" "lapply" ".rs.objectsOnSearchPath" ".rs.getCompletionsSearchPath" "Reduce" "<Anonymous>" 
".rs.doStripSurrounding" ".rs.stripSurrounding" "parse" "doTryCatch" "tryCatchOne" "tryCatchList" "tryCatch" "withCallingHandlers" "quietly" ".rs.getAnywhere" "<Anonymous>" 
"sub" ".rs.doStripSurrounding" ".rs.stripSurrounding" "parse" "doTryCatch" "tryCatchOne" "tryCatchList" "tryCatch" "withCallingHandlers" "quietly" ".rs.getAnywhere" "doTryCatch" "tryCatchOne" "tryCatchList" "tryCatch" ".rs.blackListEvaluationDataTable" ".rs.blackListEvaluation" ".rs.getCompletionsDollar" "<Anonymous>" 
"ls" "FUN" "lapply" ".rs.objectsOnSearchPath" ".rs.getCompletionsSearchPath" "Reduce" "<Anonymous>" 
"objects" ".rs.getHelpFromObject" ".rs.getHelpFunction" "<Anonymous>" 
"gzfile" "readRDS" "index.search" "utils::help" "eval" "eval" "doTryCatch" "tryCatchOne" "tryCatchList" "tryCatch" ".rs.getHelp" ".rs.getHelpFromObject" ".rs.getHelpFunction" "<Anonymous>" 
"gzfile" "readRDS" "lazyLoadDBexec" "tools:::fetchRdDB" "utils:::.getHelpFile" "prepare_Rd" "Rd2HTML" "tools:::httpd" "withCallingHandlers" "suppressWarnings" ".rs.getHelp" ".rs.getHelpFromObject" ".rs.getHelpFunction" "<Anonymous>" 
"writeContent" "writeWrapped" "writeBlock" "writeContent" "writeContent" "writeSection" "Rd2HTML" "tools:::httpd" "withCallingHandlers" "suppressWarnings" ".rs.getHelp" ".rs.getHelpFromObject" ".rs.getHelpFunction" "<Anonymous>" 
"grep" "isBlankRd" "writeWrapped" "writeBlock" "writeContent" "writeContent" "writeSection" "Rd2HTML" "tools:::httpd" "withCallingHandlers" "suppressWarnings" ".rs.getHelp" ".rs.getHelpFromObject" ".rs.getHelpFunction" "<Anonymous>" 
"fsub" "htmlify" "isBlankLineRd" "addParaBreaks" "writeLines" "writeLinesUTF8" "of1" "writeBlock" "writeContent" "writeSection" "Rd2HTML" "tools:::httpd" "withCallingHandlers" "suppressWarnings" ".rs.getHelp" ".rs.getHelpFromObject" ".rs.getHelpFunction" "<Anonymous>" 
"psub" "htmlify" "isBlankLineRd" "addParaBreaks" "writeLines" "writeLinesUTF8" "of1" "writeBlock" "writeContent" "writeSection" "Rd2HTML" "tools:::httpd" "withCallingHandlers" "suppressWarnings" ".rs.getHelp" ".rs.getHelpFromObject" ".rs.getHelpFunction" "<Anonymous>" 
"fsub" "htmlify" "isBlankLineRd" "addParaBreaks" "writeLines" "writeLinesUTF8" "of1" "writeBlock" "writeContent" "writeSection" "Rd2HTML" "tools:::httpd" "withCallingHandlers" "suppressWarnings" ".rs.getHelp" ".rs.getHelpFromObject" ".rs.getHelpFunction" "<Anonymous>" 
"close.connection" "close" "Rd2HTML" "tools:::httpd" "withCallingHandlers" "suppressWarnings" ".rs.getHelp" ".rs.getHelpFromObject" ".rs.getHelpFunction" "<Anonymous>" 
".rs.objectsOnSearchPath" ".rs.getCompletionsSearchPath" "Reduce" "<Anonymous>" 
"ls" "FUN" "lapply" ".rs.objectsOnSearchPath" ".rs.getCompletionsSearchPath" "Reduce" "<Anonymous>" 
"scan" "read.table" "read.csv" "best" 
"scan" "read.table" "read.csv" "best" 
"scan" "read.table" "read.csv" "best" 
"scan" "read.table" "read.csv" "best" 
"scan" "read.table" "read.csv" "best" 
"scan" "read.table" "read.csv" "best" 
"scan" "read.table" "read.csv" "best" 
"scan" "read.table" "read.csv" "best" 
"[[.data.frame" "[[" "$.data.frame" "$" "doTryCatch" "tryCatchOne" "tryCatchList" "tryCatch" "base::try" 
"scan" "read.table" "read.csv" "best" 
"scan" "read.table" "read.csv" "best" 
"scan" "read.table" "read.csv" "best" 
".Call" ".rs.getKnitParamsForDocument" ".rs.injectKnitrParamsObject" "<Anonymous>" 
"gsub" ".rs.fuzzyMatches" ".rs.getCompletionsSearchPath" "Reduce" "<Anonymous>" 
"ls" "FUN" "lapply" ".rs.objectsOnSearchPath" ".rs.getCompletionsSearchPath" "Reduce" "<Anonymous>" 
"ls" "FUN" "lapply" ".rs.objectsOnSearchPath" ".rs.getCompletionsSearchPath" "Reduce" "<Anonymous>" 
"ls" "FUN" "lapply" ".rs.objectsOnSearchPath" ".rs.getCompletionsSearchPath" "Reduce" "<Anonymous>" 
"ls" "FUN" "lapply" ".rs.objectsOnSearchPath" ".rs.getCompletionsSearchPath" "Reduce" "<Anonymous>" 
"grepl" ".rs.makeCompletions" ".rs.emptyCompletions" "<Anonymous>" 
"ls" "FUN" "lapply" ".rs.objectsOnSearchPath" ".rs.getCompletionsSearchPath" "Reduce" "<Anonymous>" 
".Call" ".rs.getKnitParamsForDocument" ".rs.injectKnitrParamsObject" "<Anonymous>" 
"tolower" "nchar" ".rs.startsWith" ".rs.fuzzyMatches" ".rs.getCompletionsSearchPath" "Reduce" "<Anonymous>" 
"ls" "FUN" "lapply" ".rs.objectsOnSearchPath" ".rs.getCompletionsSearchPath" "Reduce" "<Anonymous>" 
"getExportedValue" "::" "do.call" "doTryCatch" "tryCatchOne" "tryCatchList" "tryCatch" ".rs.getHelpFromObject" ".rs.getHelpFunction" "<Anonymous>" 
"file.info" "file_test" "Rd2HTML" "tools:::httpd" "withCallingHandlers" "suppressWarnings" ".rs.getHelp" ".rs.getHelpFromObject" ".rs.getHelpFunction" "<Anonymous>" 
"grep" "isBlankRd" "writeContent" "writeSection" "Rd2HTML" "tools:::httpd" "withCallingHandlers" "suppressWarnings" ".rs.getHelp" ".rs.getHelpFromObject" ".rs.getHelpFunction" "<Anonymous>" 
"FUN" "vapply" "urlify" "paste0" "writeLines" "writeLinesUTF8" "of0" "writeBlock" "writeContent" "writeSection" "Rd2HTML" "tools:::httpd" "withCallingHandlers" "suppressWarnings" ".rs.getHelp" ".rs.getHelpFromObject" ".rs.getHelpFunction" "<Anonymous>" 
"tryCatchOne" "tryCatchList" "tryCatch" ".rs.getHelpFromObject" ".rs.getHelpFunction" "<Anonymous>" 
".Rd_format_title" "strwrap" "Rd2HTML" "tools:::httpd" "withCallingHandlers" "suppressWarnings" ".rs.getHelp" ".rs.getHelpFromObject" ".rs.getHelpFunction" "<Anonymous>" 
"writeLines" "writeLinesUTF8" "of1" "writeBlock" "writeContent" "writeContent" "writeSection" "Rd2HTML" "tools:::httpd" "withCallingHandlers" "suppressWarnings" ".rs.getHelp" ".rs.getHelpFromObject" ".rs.getHelpFunction" "<Anonymous>" 
"lapply" "sapply" "RdTags" "writeContent" "writeContent" "writeSection" "Rd2HTML" "tools:::httpd" "withCallingHandlers" "suppressWarnings" ".rs.getHelp" ".rs.getHelpFromObject" ".rs.getHelpFunction" "<Anonymous>" 
"psub" "addParaBreaks" "writeLines" "writeLinesUTF8" "of1" "writeBlock" "writeContent" "writeSection" "Rd2HTML" "tools:::httpd" "withCallingHandlers" "suppressWarnings" ".rs.getHelp" ".rs.getHelpFromObject" ".rs.getHelpFunction" "<Anonymous>" 
"psub" "htmlify" "isBlankLineRd" "addParaBreaks" "writeLines" "writeLinesUTF8" "of1" "writeBlock" "writeContent" "writeSection" "Rd2HTML" "tools:::httpd" "withCallingHandlers" "suppressWarnings" ".rs.getHelp" ".rs.getHelpFromObject" ".rs.getHelpFunction" "<Anonymous>" 
"psub" "addParaBreaks" "writeLines" "writeLinesUTF8" "of1" "writeBlock" "writeContent" "writeSection" "Rd2HTML" "tools:::httpd" "withCallingHandlers" "suppressWarnings" ".rs.getHelp" ".rs.getHelpFromObject" ".rs.getHelpFunction" "<Anonymous>" 
"regexpr" "withCallingHandlers" "suppressWarnings" ".rs.getHelp" ".rs.getHelpFromObject" ".rs.getHelpFunction" "<Anonymous>" 
"ls" "FUN" "lapply" ".rs.objectsOnSearchPath" ".rs.getCompletionsSearchPath" "Reduce" "<Anonymous>" 
"ls" "FUN" "lapply" ".rs.objectsOnSearchPath" ".rs.getCompletionsSearchPath" "Reduce" "<Anonymous>" 
"sub" ".rs.doStripSurrounding" ".rs.stripSurrounding" ".rs.getAnywhere" ".rs.resolveObjectFromFunctionCall" ".rs.getCompletionsArgument" ".rs.getCompletionsFunction" ".rs.appendCompletions" ".rs.getRCompletions" ".rs.appendCompletions" "<Anonymous>" 
"f" "Reduce" "<Anonymous>" 
"ls" "FUN" "lapply" ".rs.objectsOnSearchPath" ".rs.getCompletionsSearchPath" "Reduce" "<Anonymous>" 
"gsub" ".rs.doStripSurrounding" ".rs.stripSurrounding" "parse" "doTryCatch" "tryCatchOne" "tryCatchList" "tryCatch" "withCallingHandlers" "quietly" ".rs.getAnywhere" "<Anonymous>" 
"ls" "FUN" "lapply" ".rs.objectsOnSearchPath" ".rs.getCompletionsSearchPath" "Reduce" "<Anonymous>" 
"ls" "FUN" "lapply" ".rs.objectsOnSearchPath" ".rs.getCompletionsSearchPath" "Reduce" "<Anonymous>" 
"ls" "FUN" "lapply" ".rs.objectsOnSearchPath" ".rs.getCompletionsSearchPath" "Reduce" "<Anonymous>" 
"ls" "FUN" "lapply" ".rs.objectsOnSearchPath" ".rs.getCompletionsSearchPath" "Reduce" "<Anonymous>" 
"ls" "FUN" "lapply" ".rs.objectsOnSearchPath" ".rs.getCompletionsSearchPath" "Reduce" "<Anonymous>" 
"ls" "FUN" "lapply" ".rs.objectsOnSearchPath" ".rs.getCompletionsSearchPath" "Reduce" "<Anonymous>" 
"ls" "FUN" "lapply" ".rs.objectsOnSearchPath" ".rs.getCompletionsSearchPath" "Reduce" "<Anonymous>" 
"lazyLoadDBfetch" "fetch" "fun" "lazyLoadDBexec" "tools:::fetchRdDB" "utils:::.getHelpFile" "prepare_Rd" "Rd2HTML" "tools:::httpd" "withCallingHandlers" "suppressWarnings" ".rs.getHelp" ".rs.getHelpFromObject" ".rs.getHelpFunction" "<Anonymous>" 
"unique" "simplify2array" "sapply" "RdTags" "writeContent" "writeWrapped" "writeBlock" "writeContent" "writeSection" "Rd2HTML" "tools:::httpd" "withCallingHandlers" "suppressWarnings" ".rs.getHelp" ".rs.getHelpFromObject" ".rs.getHelpFunction" "<Anonymous>" 
"grep" "isBlankRd" "writeWrapped" "writeBlock" "writeContent" "writeSection" "Rd2HTML" "tools:::httpd" "withCallingHandlers" "suppressWarnings" ".rs.getHelp" ".rs.getHelpFromObject" ".rs.getHelpFunction" "<Anonymous>" 
"file" "source" 
"ls" "FUN" "lapply" ".rs.objectsOnSearchPath" ".rs.getCompletionsSearchPath" "Reduce" "<Anonymous>" 
"stopifnot" "srcfilecopy" "parse" "doTryCatch" "tryCatchOne" "tryCatchList" "tryCatch" "withCallingHandlers" "quietly" ".rs.getAnywhere" "<Anonymous>" 
"data" "withCallingHandlers" "suppressWarnings" "doTryCatch" "tryCatchOne" "tryCatchList" "tryCatch" ".rs.getHelpFromObject" ".rs.getHelpFunction" "<Anonymous>" 
"getNamespace" "asNamespace" "getExportedValue" "::" "formals" "as.list" ".rs.getHelpFromObject" ".rs.getHelpFunction" "<Anonymous>" 
"getNamespace" "asNamespace" "getExportedValue" "::" "do.call" "doTryCatch" "tryCatchOne" "tryCatchList" "tryCatch" ".rs.getHelpFromObject" ".rs.getHelpFunction" "<Anonymous>" 
"psub" "htmlify" "isBlankLineRd" "addParaBreaks" "writeLines" "writeLinesUTF8" "of1" "writeBlock" "writeContent" "writeSection" "Rd2HTML" "tools:::httpd" "withCallingHandlers" "suppressWarnings" ".rs.getHelp" ".rs.getHelpFromObject" ".rs.getHelpFunction" "<Anonymous>" 
"ls" "FUN" "lapply" ".rs.objectsOnSearchPath" ".rs.getCompletionsSearchPath" "Reduce" "<Anonymous>" 
"ls" "FUN" "lapply" ".rs.objectsOnSearchPath" ".rs.getCompletionsSearchPath" "Reduce" "<Anonymous>" 
"scan" "read.table" "read.csv" "rankHospital" 
"scan" "read.table" "read.csv" "rankHospital" 
"scan" "read.table" "read.csv" "rankHospital" 
"order" "[.data.frame" "[" "rankHospital" 
"ls" "FUN" "lapply" ".rs.objectsOnSearchPath" ".rs.getCompletionsSearchPath" "Reduce" "<Anonymous>" 
"ls" "FUN" "lapply" ".rs.objectsOnSearchPath" ".rs.getCompletionsSearchPath" "Reduce" "<Anonymous>" 
"ls" "FUN" "lapply" ".rs.objectsOnSearchPath" ".rs.getCompletionsSearchPath" "Reduce" "<Anonymous>" 
"cb$setcurloc" "h" "tryInline" "cmpCall" "cmp" "genCode" "cmpfun" "doTryCatch" "tryCatchOne" "tryCatchList" "tryCatch" "compiler:::tryCmpfun" "rankHospital" 
"findCenvVar" "getInlineInfo" "tryInline" "cmpCall" "cmp" "cmpBuiltinArgs" "cmpDispatch" "h" "tryInline" "cmpCall" "cmp" "cmpSymbolAssign" "h" "tryInline" "cmpCall" "cmp" "h" "tryInline" "cmpCall" "cmp" "h" "tryInline" "cmpCall" "cmp" "h" "tryInline" "cmpCall" "cmp" "h" "tryInline" "cmpCall" "cmp" "h" "tryInline" "cmpCall" "cmp" "h" "tryInline" "cmpCall" "cmp" "genCode" "cmpfun" "doTryCatch" "tryCatchOne" "tryCatchList" "tryCatch" "compiler:::tryCmpfun" "rankHospital" 
"scan" "read.table" "read.csv" "rankHospital" 
"scan" "read.table" "read.csv" "rankHospital" 
"scan" "read.table" "read.csv" "rankHospital" 
"scan" "read.table" "read.csv" "rankHospital" 
".External" "read.table" "read.csv" "rankHospital" 
"scan" "read.table" "read.csv" "rankHospital" 
"scan" "read.table" "read.csv" "rankHospital" 
"names" "<Anonymous>" "do.call" "as.data.frame.list" "format.data.frame" "as.matrix" "print.data.frame" "<Anonymous>" 
"asNamespace" "getExportedValue" "::" "doTryCatch" "tryCatchOne" "tryCatchList" "tryCatch" "base::try" "print.default" "print" "print.data.frame" "<Anonymous>" 
"sub" "packFrameName" "getInlineInfo" "tryInline" "cmpCall" "cmp" "h" "tryInline" "cmpCall" "cmp" "genCode" "cmpfun" "doTryCatch" "tryCatchOne" "tryCatchList" "tryCatch" "compiler:::tryCmpfun" "rankHospital" 
"scan" "read.table" "read.csv" "rankHospital" 
"scan" "read.table" "read.csv" "rankHospital" 
"print.default" "print" "print.data.frame" "<Anonymous>" 
"print.default" "print" "print.data.frame" "<Anonymous>" 
"scan" "read.table" "read.csv" "rankHospital" 
"scan" "read.table" "read.csv" "rankHospital" 
"isBaseNamespace" "getExportedValue" "::" "doTryCatch" "tryCatchOne" "tryCatchList" "tryCatch" "base::try" 
"doTryCatch" "tryCatchOne" "tryCatchList" "tryCatch" "base::try" 
"isBaseNamespace" "getExportedValue" "::" 
"asNamespace" "getExportedValue" "::" 
"exists" "findCenvVar" "findLocVar" "cmpCall" "cmp" "genCode" "cb$putconst" "cmpCallArgs" "cmpCallSymFun" "cmpCall" "cmp" "cmpSymbolAssign" "h" "tryInline" "cmpCall" "cmp" "h" "tryInline" "cmpCall" "cmp" "genCode" "cmpfun" "doTryCatch" "tryCatchOne" "tryCatchList" "tryCatch" "compiler:::tryCmpfun" "rankHospital" 
"scan" "read.table" "read.csv" "rankHospital" 
"scan" "read.table" "read.csv" "rankHospital" 
"scan" "read.table" "read.csv" "rankHospital" 
"ls" "FUN" "lapply" ".rs.objectsOnSearc